<?xml version="1.0" encoding="UTF-8"?>
<testng-results ignored="0" total="1" passed="1" failed="0" skipped="0">
  <reporter-output>
  </reporter-output>
  <suite started-at="2024-06-10T10:51:59 IST" name="Default suite" finished-at="2024-06-10T10:52:02 IST" duration-ms="2905">
    <groups>
    </groups>
    <test started-at="2024-06-10T10:51:59 IST" name="Default test" finished-at="2024-06-10T10:52:02 IST" duration-ms="2905">
      <class name="com.gayu.Gayathri.pp3v15">
        <test-method signature="testStorageDetails()[pri:0, instance:com.gayu.Gayathri.pp3v15@2d710f1a]" started-at="2024-06-10T10:51:59 IST" name="testStorageDetails" finished-at="2024-06-10T10:52:02 IST" duration-ms="2757" status="PASS">
          <reporter-output>
          </reporter-output>
        </test-method> <!-- testStorageDetails -->
      </class> <!-- com.gayu.Gayathri.pp3v15 -->
    </test> <!-- Default test -->
  </suite> <!-- Default suite -->
</testng-results>
